2020-09-16 10:04:57,116 [main] INFO  c.jk.web.embedded.JKWebApplication - Starting web-server at port 8080....
2020-09-16 10:04:57,330 [main] INFO  o.a.coyote.http11.Http11NioProtocol - Initializing ProtocolHandler ["http-nio-8080"]
2020-09-16 10:04:57,443 [main] INFO  o.a.tomcat.util.net.NioSelectorPool - Using a shared selector for servlet write/read
2020-09-16 10:04:57,454 [main] INFO  o.a.catalina.core.StandardService - Starting service [Tomcat]
2020-09-16 10:04:57,455 [main] INFO  o.a.catalina.core.StandardEngine - Starting Servlet Engine: Apache Tomcat/8.5.43
2020-09-16 10:04:57,634 [localhost-startStop-1] INFO  o.a.catalina.startup.ContextConfig - No global web.xml found
2020-09-16 10:05:05,399 [localhost-startStop-1] INFO  o.apache.jasper.servlet.TldScanner - At least one JAR was scanned for TLDs yet contained no TLDs. Enable debug logging for this logger for a complete list of JARs that were scanned but no TLDs were found in them. Skipping unneeded JARs during scanning can improve startup time and JSP compilation time.
2020-09-16 10:05:05,483 [localhost-startStop-1] INFO  j.e.r.webcontainer.jsf.config - Initializing Mojarra 2.2.20 ( 20190731-0757 59754ac80c05d61848a08939ddd11a324f2345ac) for context ''
2020-09-16 10:05:05,697 [localhost-startStop-1] INFO  j.e.r.webcontainer.jsf.application - JSF1048: PostConstruct/PreDestroy annotations present.  ManagedBeans methods marked with these annotations will have said annotations processed.
2020-09-16 10:05:05,854 [localhost-startStop-1] INFO  c.j.w.f.e.JKFacesExceptionHandlerFactory - initialized 
2020-09-16 10:05:06,089 [localhost-startStop-1] INFO  c.j.w.faces.renderers.JKPreRenderer - initialized 
2020-09-16 10:05:06,148 [localhost-startStop-1] INFO  o.h.validator.internal.util.Version - HV000001: Hibernate Validator 6.0.13.Final
2020-09-16 10:05:07,237 [localhost-startStop-1] INFO  com.jk.web.faces.mb.MB_Messages - initialized 
2020-09-16 10:05:07,242 [localhost-startStop-1] INFO  com.jk.web.faces.mb.MB_Util - initialized 
2020-09-16 10:05:07,261 [localhost-startStop-1] INFO  o.p.w.PostConstructApplicationEventListener - Running on PrimeFaces 8.0
2020-09-16 10:05:07,262 [localhost-startStop-1] INFO  o.o.VersionLoggerEventListener - Using OmniFaces version 1.14.1
2020-09-16 10:05:07,506 [localhost-startStop-1] INFO  com.jk.web.services.JKServiceConfig - RestServer initialized to packages com.jk.web.services
2020-09-16 10:05:07,925 [main] INFO  o.a.coyote.http11.Http11NioProtocol - Starting ProtocolHandler ["http-nio-8080"]
2020-09-16 10:05:07,938 [main] INFO  c.jk.web.embedded.JKWebApplication - Web server started at URL :  http://localhost:8080
2020-09-16 10:05:13,182 [http-nio-8080-exec-3] INFO  c.s.f.a.view.ViewScopeManager - CDI @ViewScoped bean functionality unavailable
2020-09-16 17:44:22,195 [main] INFO  c.jk.web.embedded.JKWebApplication - Starting web-server at port 8080....
2020-09-16 17:44:22,407 [main] INFO  o.a.coyote.http11.Http11NioProtocol - Initializing ProtocolHandler ["http-nio-8080"]
2020-09-16 17:44:22,527 [main] INFO  o.a.tomcat.util.net.NioSelectorPool - Using a shared selector for servlet write/read
2020-09-16 17:44:22,537 [main] INFO  o.a.catalina.core.StandardService - Starting service [Tomcat]
2020-09-16 17:44:22,538 [main] INFO  o.a.catalina.core.StandardEngine - Starting Servlet Engine: Apache Tomcat/8.5.43
2020-09-16 17:44:22,781 [localhost-startStop-1] INFO  o.a.catalina.startup.ContextConfig - No global web.xml found
2020-09-16 17:44:31,002 [localhost-startStop-1] INFO  o.apache.jasper.servlet.TldScanner - At least one JAR was scanned for TLDs yet contained no TLDs. Enable debug logging for this logger for a complete list of JARs that were scanned but no TLDs were found in them. Skipping unneeded JARs during scanning can improve startup time and JSP compilation time.
2020-09-16 17:44:31,112 [localhost-startStop-1] INFO  j.e.r.webcontainer.jsf.config - Initializing Mojarra 2.2.20 ( 20190731-0757 59754ac80c05d61848a08939ddd11a324f2345ac) for context ''
2020-09-16 17:44:31,470 [localhost-startStop-1] INFO  j.e.r.webcontainer.jsf.application - JSF1048: PostConstruct/PreDestroy annotations present.  ManagedBeans methods marked with these annotations will have said annotations processed.
2020-09-16 17:44:31,657 [localhost-startStop-1] INFO  c.j.w.f.e.JKFacesExceptionHandlerFactory - initialized 
2020-09-16 17:44:31,915 [localhost-startStop-1] INFO  c.j.w.faces.renderers.JKPreRenderer - initialized 
2020-09-16 17:44:31,967 [localhost-startStop-1] INFO  o.h.validator.internal.util.Version - HV000001: Hibernate Validator 6.0.13.Final
2020-09-16 17:44:33,004 [localhost-startStop-1] INFO  com.jk.web.faces.mb.MB_Util - initialized 
2020-09-16 17:44:33,008 [localhost-startStop-1] INFO  com.jk.web.faces.mb.MB_Messages - initialized 
2020-09-16 17:44:33,028 [localhost-startStop-1] INFO  o.p.w.PostConstructApplicationEventListener - Running on PrimeFaces 8.0
2020-09-16 17:44:33,028 [localhost-startStop-1] INFO  o.o.VersionLoggerEventListener - Using OmniFaces version 1.14.1
2020-09-16 17:44:33,297 [localhost-startStop-1] INFO  com.jk.web.services.JKServiceConfig - RestServer initialized to packages com.jk.web.services
2020-09-16 17:44:33,777 [main] INFO  o.a.coyote.http11.Http11NioProtocol - Starting ProtocolHandler ["http-nio-8080"]
2020-09-16 17:44:33,787 [main] INFO  c.jk.web.embedded.JKWebApplication - Web server started at URL :  http://localhost:8080
2020-09-16 17:44:38,144 [http-nio-8080-exec-3] INFO  c.s.f.a.view.ViewScopeManager - CDI @ViewScoped bean functionality unavailable
2020-09-16 17:46:39,149 [http-nio-8080-exec-1] WARN  j.e.r.webcontainer.jsf.lifecycle - #{mbCalc.clear()}: java.lang.StringIndexOutOfBoundsException: String index out of range: -1
javax.faces.FacesException: #{mbCalc.clear()}: java.lang.StringIndexOutOfBoundsException: String index out of range: -1
	at com.sun.faces.application.ActionListenerImpl.processAction(ActionListenerImpl.java:118) ~[jsf-impl-2.2.20.jar:2.2.20]
	at javax.faces.component.UICommand.broadcast(UICommand.java:315) ~[jsf-api-2.2.20.jar:2.2]
	at javax.faces.component.UIViewRoot.broadcastEvents(UIViewRoot.java:790) ~[jsf-api-2.2.20.jar:2.2]
	at javax.faces.component.UIViewRoot.processApplication(UIViewRoot.java:1282) ~[jsf-api-2.2.20.jar:2.2]
	at com.sun.faces.lifecycle.InvokeApplicationPhase.execute(InvokeApplicationPhase.java:81) ~[jsf-impl-2.2.20.jar:2.2.20]
	at com.sun.faces.lifecycle.Phase.doPhase(Phase.java:101) [jsf-impl-2.2.20.jar:2.2.20]
	at com.sun.faces.lifecycle.LifecycleImpl.execute(LifecycleImpl.java:198) [jsf-impl-2.2.20.jar:2.2.20]
	at javax.faces.webapp.FacesServlet.service(FacesServlet.java:658) [jsf-api-2.2.20.jar:2.2]
	at org.apache.catalina.core.ApplicationFilterChain.internalDoFilter(ApplicationFilterChain.java:231) [tomcat-embed-core-8.5.43.jar:8.5.43]
	at org.apache.catalina.core.ApplicationFilterChain.doFilter(ApplicationFilterChain.java:166) [tomcat-embed-core-8.5.43.jar:8.5.43]
	at org.apache.catalina.core.StandardWrapperValve.invoke(StandardWrapperValve.java:199) [tomcat-embed-core-8.5.43.jar:8.5.43]
	at org.apache.catalina.core.StandardContextValve.invoke(StandardContextValve.java:96) [tomcat-embed-core-8.5.43.jar:8.5.43]
	at org.apache.catalina.authenticator.AuthenticatorBase.invoke(AuthenticatorBase.java:493) [tomcat-embed-core-8.5.43.jar:8.5.43]
	at org.apache.catalina.core.StandardHostValve.invoke(StandardHostValve.java:137) [tomcat-embed-core-8.5.43.jar:8.5.43]
	at org.apache.catalina.valves.ErrorReportValve.invoke(ErrorReportValve.java:81) [tomcat-embed-core-8.5.43.jar:8.5.43]
	at org.apache.catalina.core.StandardEngineValve.invoke(StandardEngineValve.java:87) [tomcat-embed-core-8.5.43.jar:8.5.43]
	at org.apache.catalina.connector.CoyoteAdapter.service(CoyoteAdapter.java:343) [tomcat-embed-core-8.5.43.jar:8.5.43]
	at org.apache.coyote.http11.Http11Processor.service(Http11Processor.java:798) [tomcat-embed-core-8.5.43.jar:8.5.43]
	at org.apache.coyote.AbstractProcessorLight.process(AbstractProcessorLight.java:66) [tomcat-embed-core-8.5.43.jar:8.5.43]
	at org.apache.coyote.AbstractProtocol$ConnectionHandler.process(AbstractProtocol.java:808) [tomcat-embed-core-8.5.43.jar:8.5.43]
	at org.apache.tomcat.util.net.NioEndpoint$SocketProcessor.doRun(NioEndpoint.java:1498) [tomcat-embed-core-8.5.43.jar:8.5.43]
	at org.apache.tomcat.util.net.SocketProcessorBase.run(SocketProcessorBase.java:49) [tomcat-embed-core-8.5.43.jar:8.5.43]
	at java.util.concurrent.ThreadPoolExecutor.runWorker(Unknown Source) [na:1.8.0_261]
	at java.util.concurrent.ThreadPoolExecutor$Worker.run(Unknown Source) [na:1.8.0_261]
	at org.apache.tomcat.util.threads.TaskThread$WrappingRunnable.run(TaskThread.java:61) [tomcat-embed-core-8.5.43.jar:8.5.43]
	at java.lang.Thread.run(Unknown Source) [na:1.8.0_261]
Caused by: javax.faces.el.EvaluationException: java.lang.StringIndexOutOfBoundsException: String index out of range: -1
	at javax.faces.component.MethodBindingMethodExpressionAdapter.invoke(MethodBindingMethodExpressionAdapter.java:101) ~[jsf-api-2.2.20.jar:2.2]
	at com.sun.faces.application.ActionListenerImpl.processAction(ActionListenerImpl.java:102) ~[jsf-impl-2.2.20.jar:2.2.20]
	... 25 common frames omitted
Caused by: java.lang.StringIndexOutOfBoundsException: String index out of range: -1
	at java.lang.String.substring(Unknown Source) ~[na:1.8.0_261]
	at com.app.ManagedBeanCalculator.clear(ManagedBeanCalculator.java:41) ~[classes/:na]
	at sun.reflect.NativeMethodAccessorImpl.invoke0(Native Method) ~[na:1.8.0_261]
	at sun.reflect.NativeMethodAccessorImpl.invoke(Unknown Source) ~[na:1.8.0_261]
	at sun.reflect.DelegatingMethodAccessorImpl.invoke(Unknown Source) ~[na:1.8.0_261]
	at java.lang.reflect.Method.invoke(Unknown Source) ~[na:1.8.0_261]
	at org.apache.el.parser.AstValue.invoke(AstValue.java:247) ~[tomcat-embed-el-8.5.43.jar:8.5.43]
	at org.apache.el.MethodExpressionImpl.invoke(MethodExpressionImpl.java:267) ~[tomcat-embed-el-8.5.43.jar:8.5.43]
	at com.sun.faces.facelets.el.TagMethodExpression.invoke(TagMethodExpression.java:105) ~[jsf-impl-2.2.20.jar:2.2.20]
	at javax.faces.component.MethodBindingMethodExpressionAdapter.invoke(MethodBindingMethodExpressionAdapter.java:87) ~[jsf-api-2.2.20.jar:2.2]
	... 26 common frames omitted
2020-09-16 17:46:39,318 [http-nio-8080-exec-1] ERROR  c.j.u.e.h.JKDefaultExceptionHandler - #{mbCalc.clear()}: java.lang.StringIndexOutOfBoundsException: String index out of range: -1
javax.faces.FacesException: #{mbCalc.clear()}: java.lang.StringIndexOutOfBoundsException: String index out of range: -1
	at com.sun.faces.lifecycle.InvokeApplicationPhase.execute(InvokeApplicationPhase.java:89) ~[jsf-impl-2.2.20.jar:2.2.20]
	at com.sun.faces.lifecycle.Phase.doPhase(Phase.java:101) ~[jsf-impl-2.2.20.jar:2.2.20]
	at com.sun.faces.lifecycle.LifecycleImpl.execute(LifecycleImpl.java:198) [jsf-impl-2.2.20.jar:2.2.20]
	at javax.faces.webapp.FacesServlet.service(FacesServlet.java:658) [jsf-api-2.2.20.jar:2.2]
	at org.apache.catalina.core.ApplicationFilterChain.internalDoFilter(ApplicationFilterChain.java:231) [tomcat-embed-core-8.5.43.jar:8.5.43]
	at org.apache.catalina.core.ApplicationFilterChain.doFilter(ApplicationFilterChain.java:166) [tomcat-embed-core-8.5.43.jar:8.5.43]
	at org.apache.catalina.core.StandardWrapperValve.invoke(StandardWrapperValve.java:199) [tomcat-embed-core-8.5.43.jar:8.5.43]
	at org.apache.catalina.core.StandardContextValve.invoke(StandardContextValve.java:96) [tomcat-embed-core-8.5.43.jar:8.5.43]
	at org.apache.catalina.authenticator.AuthenticatorBase.invoke(AuthenticatorBase.java:493) [tomcat-embed-core-8.5.43.jar:8.5.43]
	at org.apache.catalina.core.StandardHostValve.invoke(StandardHostValve.java:137) [tomcat-embed-core-8.5.43.jar:8.5.43]
	at org.apache.catalina.valves.ErrorReportValve.invoke(ErrorReportValve.java:81) [tomcat-embed-core-8.5.43.jar:8.5.43]
	at org.apache.catalina.core.StandardEngineValve.invoke(StandardEngineValve.java:87) [tomcat-embed-core-8.5.43.jar:8.5.43]
	at org.apache.catalina.connector.CoyoteAdapter.service(CoyoteAdapter.java:343) [tomcat-embed-core-8.5.43.jar:8.5.43]
	at org.apache.coyote.http11.Http11Processor.service(Http11Processor.java:798) [tomcat-embed-core-8.5.43.jar:8.5.43]
	at org.apache.coyote.AbstractProcessorLight.process(AbstractProcessorLight.java:66) [tomcat-embed-core-8.5.43.jar:8.5.43]
	at org.apache.coyote.AbstractProtocol$ConnectionHandler.process(AbstractProtocol.java:808) [tomcat-embed-core-8.5.43.jar:8.5.43]
	at org.apache.tomcat.util.net.NioEndpoint$SocketProcessor.doRun(NioEndpoint.java:1498) [tomcat-embed-core-8.5.43.jar:8.5.43]
	at org.apache.tomcat.util.net.SocketProcessorBase.run(SocketProcessorBase.java:49) [tomcat-embed-core-8.5.43.jar:8.5.43]
	at java.util.concurrent.ThreadPoolExecutor.runWorker(Unknown Source) [na:1.8.0_261]
	at java.util.concurrent.ThreadPoolExecutor$Worker.run(Unknown Source) [na:1.8.0_261]
	at org.apache.tomcat.util.threads.TaskThread$WrappingRunnable.run(TaskThread.java:61) [tomcat-embed-core-8.5.43.jar:8.5.43]
	at java.lang.Thread.run(Unknown Source) [na:1.8.0_261]
Caused by: javax.faces.FacesException: #{mbCalc.clear()}: java.lang.StringIndexOutOfBoundsException: String index out of range: -1
	at com.sun.faces.application.ActionListenerImpl.processAction(ActionListenerImpl.java:118) ~[jsf-impl-2.2.20.jar:2.2.20]
	at javax.faces.component.UICommand.broadcast(UICommand.java:315) ~[jsf-api-2.2.20.jar:2.2]
	at javax.faces.component.UIViewRoot.broadcastEvents(UIViewRoot.java:790) ~[jsf-api-2.2.20.jar:2.2]
	at javax.faces.component.UIViewRoot.processApplication(UIViewRoot.java:1282) ~[jsf-api-2.2.20.jar:2.2]
	at com.sun.faces.lifecycle.InvokeApplicationPhase.execute(InvokeApplicationPhase.java:81) ~[jsf-impl-2.2.20.jar:2.2.20]
	... 21 common frames omitted
Caused by: javax.faces.el.EvaluationException: java.lang.StringIndexOutOfBoundsException: String index out of range: -1
	at javax.faces.component.MethodBindingMethodExpressionAdapter.invoke(MethodBindingMethodExpressionAdapter.java:101) ~[jsf-api-2.2.20.jar:2.2]
	at com.sun.faces.application.ActionListenerImpl.processAction(ActionListenerImpl.java:102) ~[jsf-impl-2.2.20.jar:2.2.20]
	... 25 common frames omitted
Caused by: java.lang.StringIndexOutOfBoundsException: String index out of range: -1
	at java.lang.String.substring(Unknown Source) ~[na:1.8.0_261]
	at com.app.ManagedBeanCalculator.clear(ManagedBeanCalculator.java:41) ~[classes/:na]
	at sun.reflect.NativeMethodAccessorImpl.invoke0(Native Method) ~[na:1.8.0_261]
	at sun.reflect.NativeMethodAccessorImpl.invoke(Unknown Source) ~[na:1.8.0_261]
	at sun.reflect.DelegatingMethodAccessorImpl.invoke(Unknown Source) ~[na:1.8.0_261]
	at java.lang.reflect.Method.invoke(Unknown Source) ~[na:1.8.0_261]
	at org.apache.el.parser.AstValue.invoke(AstValue.java:247) ~[tomcat-embed-el-8.5.43.jar:8.5.43]
	at org.apache.el.MethodExpressionImpl.invoke(MethodExpressionImpl.java:267) ~[tomcat-embed-el-8.5.43.jar:8.5.43]
	at com.sun.faces.facelets.el.TagMethodExpression.invoke(TagMethodExpression.java:105) ~[jsf-impl-2.2.20.jar:2.2.20]
	at javax.faces.component.MethodBindingMethodExpressionAdapter.invoke(MethodBindingMethodExpressionAdapter.java:87) ~[jsf-api-2.2.20.jar:2.2]
	... 26 common frames omitted
2020-09-16 17:46:39,330 [http-nio-8080-exec-1] ERROR  o.p.a.e.PrimeExceptionHandler - String index out of range: -1
java.lang.StringIndexOutOfBoundsException: String index out of range: -1
	at java.lang.String.substring(Unknown Source) ~[na:1.8.0_261]
	at com.app.ManagedBeanCalculator.clear(ManagedBeanCalculator.java:41) ~[classes/:na]
	at sun.reflect.NativeMethodAccessorImpl.invoke0(Native Method) ~[na:1.8.0_261]
	at sun.reflect.NativeMethodAccessorImpl.invoke(Unknown Source) ~[na:1.8.0_261]
	at sun.reflect.DelegatingMethodAccessorImpl.invoke(Unknown Source) ~[na:1.8.0_261]
	at java.lang.reflect.Method.invoke(Unknown Source) ~[na:1.8.0_261]
	at org.apache.el.parser.AstValue.invoke(AstValue.java:247) ~[tomcat-embed-el-8.5.43.jar:8.5.43]
	at org.apache.el.MethodExpressionImpl.invoke(MethodExpressionImpl.java:267) ~[tomcat-embed-el-8.5.43.jar:8.5.43]
	at com.sun.faces.facelets.el.TagMethodExpression.invoke(TagMethodExpression.java:105) ~[jsf-impl-2.2.20.jar:2.2.20]
	at javax.faces.component.MethodBindingMethodExpressionAdapter.invoke(MethodBindingMethodExpressionAdapter.java:87) ~[jsf-api-2.2.20.jar:2.2]
	at com.sun.faces.application.ActionListenerImpl.processAction(ActionListenerImpl.java:102) ~[jsf-impl-2.2.20.jar:2.2.20]
	at javax.faces.component.UICommand.broadcast(UICommand.java:315) ~[jsf-api-2.2.20.jar:2.2]
	at javax.faces.component.UIViewRoot.broadcastEvents(UIViewRoot.java:790) ~[jsf-api-2.2.20.jar:2.2]
	at javax.faces.component.UIViewRoot.processApplication(UIViewRoot.java:1282) ~[jsf-api-2.2.20.jar:2.2]
	at com.sun.faces.lifecycle.InvokeApplicationPhase.execute(InvokeApplicationPhase.java:81) ~[jsf-impl-2.2.20.jar:2.2.20]
	at com.sun.faces.lifecycle.Phase.doPhase(Phase.java:101) ~[jsf-impl-2.2.20.jar:2.2.20]
	at com.sun.faces.lifecycle.LifecycleImpl.execute(LifecycleImpl.java:198) [jsf-impl-2.2.20.jar:2.2.20]
	at javax.faces.webapp.FacesServlet.service(FacesServlet.java:658) [jsf-api-2.2.20.jar:2.2]
	at org.apache.catalina.core.ApplicationFilterChain.internalDoFilter(ApplicationFilterChain.java:231) [tomcat-embed-core-8.5.43.jar:8.5.43]
	at org.apache.catalina.core.ApplicationFilterChain.doFilter(ApplicationFilterChain.java:166) [tomcat-embed-core-8.5.43.jar:8.5.43]
	at org.apache.catalina.core.StandardWrapperValve.invoke(StandardWrapperValve.java:199) [tomcat-embed-core-8.5.43.jar:8.5.43]
	at org.apache.catalina.core.StandardContextValve.invoke(StandardContextValve.java:96) [tomcat-embed-core-8.5.43.jar:8.5.43]
	at org.apache.catalina.authenticator.AuthenticatorBase.invoke(AuthenticatorBase.java:493) [tomcat-embed-core-8.5.43.jar:8.5.43]
	at org.apache.catalina.core.StandardHostValve.invoke(StandardHostValve.java:137) [tomcat-embed-core-8.5.43.jar:8.5.43]
	at org.apache.catalina.valves.ErrorReportValve.invoke(ErrorReportValve.java:81) [tomcat-embed-core-8.5.43.jar:8.5.43]
	at org.apache.catalina.core.StandardEngineValve.invoke(StandardEngineValve.java:87) [tomcat-embed-core-8.5.43.jar:8.5.43]
	at org.apache.catalina.connector.CoyoteAdapter.service(CoyoteAdapter.java:343) [tomcat-embed-core-8.5.43.jar:8.5.43]
	at org.apache.coyote.http11.Http11Processor.service(Http11Processor.java:798) [tomcat-embed-core-8.5.43.jar:8.5.43]
	at org.apache.coyote.AbstractProcessorLight.process(AbstractProcessorLight.java:66) [tomcat-embed-core-8.5.43.jar:8.5.43]
	at org.apache.coyote.AbstractProtocol$ConnectionHandler.process(AbstractProtocol.java:808) [tomcat-embed-core-8.5.43.jar:8.5.43]
	at org.apache.tomcat.util.net.NioEndpoint$SocketProcessor.doRun(NioEndpoint.java:1498) [tomcat-embed-core-8.5.43.jar:8.5.43]
	at org.apache.tomcat.util.net.SocketProcessorBase.run(SocketProcessorBase.java:49) [tomcat-embed-core-8.5.43.jar:8.5.43]
	at java.util.concurrent.ThreadPoolExecutor.runWorker(Unknown Source) [na:1.8.0_261]
	at java.util.concurrent.ThreadPoolExecutor$Worker.run(Unknown Source) [na:1.8.0_261]
	at org.apache.tomcat.util.threads.TaskThread$WrappingRunnable.run(TaskThread.java:61) [tomcat-embed-core-8.5.43.jar:8.5.43]
	at java.lang.Thread.run(Unknown Source) [na:1.8.0_261]
2020-09-16 17:46:39,332 [http-nio-8080-exec-1] ERROR  o.p.a.e.PrimeExceptionHandler - Could not handle exception!
java.lang.IllegalArgumentException: No default error page (Status 500 or java.lang.Throwable) and no error page for type "class java.lang.StringIndexOutOfBoundsException" defined!
	at org.primefaces.application.exceptionhandler.PrimeExceptionHandler.evaluateErrorPage(PrimeExceptionHandler.java:404) ~[primefaces-8.0.jar:8.0]
	at org.primefaces.application.exceptionhandler.PrimeExceptionHandler.handleRedirect(PrimeExceptionHandler.java:348) ~[primefaces-8.0.jar:8.0]
	at org.primefaces.application.exceptionhandler.PrimeExceptionHandler.handle(PrimeExceptionHandler.java:111) ~[primefaces-8.0.jar:8.0]
	at com.jk.web.faces.exceptions.JKFacesExceptionHandler.handle(JKFacesExceptionHandler.java:72) [smart-cloud-web-4.0.5.jar:na]
	at com.sun.faces.lifecycle.Phase.doPhase(Phase.java:119) [jsf-impl-2.2.20.jar:2.2.20]
	at com.sun.faces.lifecycle.LifecycleImpl.execute(LifecycleImpl.java:198) [jsf-impl-2.2.20.jar:2.2.20]
	at javax.faces.webapp.FacesServlet.service(FacesServlet.java:658) [jsf-api-2.2.20.jar:2.2]
	at org.apache.catalina.core.ApplicationFilterChain.internalDoFilter(ApplicationFilterChain.java:231) [tomcat-embed-core-8.5.43.jar:8.5.43]
	at org.apache.catalina.core.ApplicationFilterChain.doFilter(ApplicationFilterChain.java:166) [tomcat-embed-core-8.5.43.jar:8.5.43]
	at org.apache.catalina.core.StandardWrapperValve.invoke(StandardWrapperValve.java:199) [tomcat-embed-core-8.5.43.jar:8.5.43]
	at org.apache.catalina.core.StandardContextValve.invoke(StandardContextValve.java:96) [tomcat-embed-core-8.5.43.jar:8.5.43]
	at org.apache.catalina.authenticator.AuthenticatorBase.invoke(AuthenticatorBase.java:493) [tomcat-embed-core-8.5.43.jar:8.5.43]
	at org.apache.catalina.core.StandardHostValve.invoke(StandardHostValve.java:137) [tomcat-embed-core-8.5.43.jar:8.5.43]
	at org.apache.catalina.valves.ErrorReportValve.invoke(ErrorReportValve.java:81) [tomcat-embed-core-8.5.43.jar:8.5.43]
	at org.apache.catalina.core.StandardEngineValve.invoke(StandardEngineValve.java:87) [tomcat-embed-core-8.5.43.jar:8.5.43]
	at org.apache.catalina.connector.CoyoteAdapter.service(CoyoteAdapter.java:343) [tomcat-embed-core-8.5.43.jar:8.5.43]
	at org.apache.coyote.http11.Http11Processor.service(Http11Processor.java:798) [tomcat-embed-core-8.5.43.jar:8.5.43]
	at org.apache.coyote.AbstractProcessorLight.process(AbstractProcessorLight.java:66) [tomcat-embed-core-8.5.43.jar:8.5.43]
	at org.apache.coyote.AbstractProtocol$ConnectionHandler.process(AbstractProtocol.java:808) [tomcat-embed-core-8.5.43.jar:8.5.43]
	at org.apache.tomcat.util.net.NioEndpoint$SocketProcessor.doRun(NioEndpoint.java:1498) [tomcat-embed-core-8.5.43.jar:8.5.43]
	at org.apache.tomcat.util.net.SocketProcessorBase.run(SocketProcessorBase.java:49) [tomcat-embed-core-8.5.43.jar:8.5.43]
	at java.util.concurrent.ThreadPoolExecutor.runWorker(Unknown Source) [na:1.8.0_261]
	at java.util.concurrent.ThreadPoolExecutor$Worker.run(Unknown Source) [na:1.8.0_261]
	at org.apache.tomcat.util.threads.TaskThread$WrappingRunnable.run(TaskThread.java:61) [tomcat-embed-core-8.5.43.jar:8.5.43]
	at java.lang.Thread.run(Unknown Source) [na:1.8.0_261]
